Determining if the include file pthread.h exists failed with the following output:
Change Dir: C:/UF-Teaching-CAP5705-2017/_proj3_glslshaders_solutionset_FINAL_/proj3_glslshaders/src/glfw-3.2.1/build/CMakeFiles/CMakeTmp

Run Build Command:"C:/Program Files (x86)/Microsoft Visual Studio/2017/Enterprise/MSBuild/15.0/Bin/MSBuild.exe" "cmTC_81ddf.vcxproj" "/p:Configuration=Debug" "/p:VisualStudioVersion=15.0"
Microsoft (R) Build Engine version 15.3.409.57025 for .NET Framework
Copyright (C) Microsoft Corporation. All rights reserved.

Build started 10/22/2017 12:44:34 PM.
Project "C:\UF-Teaching-CAP5705-2017\_proj3_glslshaders_solutionset_FINAL_\proj3_glslshaders\src\glfw-3.2.1\build\CMakeFiles\CMakeTmp\cmTC_81ddf.vcxproj" on node 1 (default targets).
PrepareForBuild:
  Creating directory "cmTC_81ddf.dir\Debug\".
  Creating directory "C:\UF-Teaching-CAP5705-2017\_proj3_glslshaders_solutionset_FINAL_\proj3_glslshaders\src\glfw-3.2.1\build\CMakeFiles\CMakeTmp\Debug\".
  Creating directory "cmTC_81ddf.dir\Debug\cmTC_81ddf.tlog\".
InitializeBuildStatus:
  Creating "cmTC_81ddf.dir\Debug\cmTC_81ddf.tlog\unsuccessfulbuild" because "AlwaysCreate" was specified.
ClCompile:
  C:\Program Files (x86)\Microsoft Visual Studio\2017\Enterprise\VC\Tools\MSVC\14.11.25503\bin\HostX86\x86\CL.exe /c /Zi /W3 /WX- /diagnostics:classic /Od /Ob0 /Oy- /D WIN32 /D _WINDOWS /D "CMAKE_INTDIR=\"Debug\"" /D _MBCS /Gm- /RTC1 /MDd /GS /fp:precise /Zc:wchar_t /Zc:forScope /Zc:inline /Fo"cmTC_81ddf.dir\Debug\\" /Fd"cmTC_81ddf.dir\Debug\vc141.pdb" /Gd /TC /analyze- /errorReport:queue "C:\UF-Teaching-CAP5705-2017\_proj3_glslshaders_solutionset_FINAL_\proj3_glslshaders\src\glfw-3.2.1\build\CMakeFiles\CMakeTmp\CheckIncludeFile.c"
  Microsoft (R) C/C++ Optimizing Compiler Version 19.11.25508.2 for x86
  Copyright (C) Microsoft Corporation.  All rights reserved.
  
  cl /c /Zi /W3 /WX- /diagnostics:classic /Od /Ob0 /Oy- /D WIN32 /D _WINDOWS /D "CMAKE_INTDIR=\"Debug\"" /D _MBCS /Gm- /RTC1 /MDd /GS /fp:precise /Zc:wchar_t /Zc:forScope /Zc:inline /Fo"cmTC_81ddf.dir\Debug\\" /Fd"cmTC_81ddf.dir\Debug\vc141.pdb" /Gd /TC /analyze- /errorReport:queue "C:\UF-Teaching-CAP5705-2017\_proj3_glslshaders_solutionset_FINAL_\proj3_glslshaders\src\glfw-3.2.1\build\CMakeFiles\CMakeTmp\CheckIncludeFile.c"
  CheckIncludeFile.c
  
C:\UF-Teaching-CAP5705-2017\_proj3_glslshaders_solutionset_FINAL_\proj3_glslshaders\src\glfw-3.2.1\build\CMakeFiles\CMakeTmp\CheckIncludeFile.c(1): fatal error C1083: Cannot open include file: 'pthread.h': No such file or directory [C:\UF-Teaching-CAP5705-2017\_proj3_glslshaders_solutionset_FINAL_\proj3_glslshaders\src\glfw-3.2.1\build\CMakeFiles\CMakeTmp\cmTC_81ddf.vcxproj]
Done Building Project "C:\UF-Teaching-CAP5705-2017\_proj3_glslshaders_solutionset_FINAL_\proj3_glslshaders\src\glfw-3.2.1\build\CMakeFiles\CMakeTmp\cmTC_81ddf.vcxproj" (default targets) -- FAILED.

Build FAILED.

"C:\UF-Teaching-CAP5705-2017\_proj3_glslshaders_solutionset_FINAL_\proj3_glslshaders\src\glfw-3.2.1\build\CMakeFiles\CMakeTmp\cmTC_81ddf.vcxproj" (default target) (1) ->
(ClCompile target) -> 
  C:\UF-Teaching-CAP5705-2017\_proj3_glslshaders_solutionset_FINAL_\proj3_glslshaders\src\glfw-3.2.1\build\CMakeFiles\CMakeTmp\CheckIncludeFile.c(1): fatal error C1083: Cannot open include file: 'pthread.h': No such file or directory [C:\UF-Teaching-CAP5705-2017\_proj3_glslshaders_solutionset_FINAL_\proj3_glslshaders\src\glfw-3.2.1\build\CMakeFiles\CMakeTmp\cmTC_81ddf.vcxproj]

    0 Warning(s)
    1 Error(s)

Time Elapsed 00:00:00.49


